FILE_TYPE=LIBRARY_PARTS;
PRIMITIVE 'SF12011F_0102_20R_M_050','SF12011F_0102_20R_M_050_Other';
  PIN
    'NO':
      PIN_NUMBER='(1)';
      NO_LOAD_CHECK=BOTH;
      NO_IO_CHECK=BOTH;
      ALLOW_CONNECT=TRUE;
      PINUSE='UNSPEC';
    'COM':
      PIN_NUMBER='(2)';
      NO_LOAD_CHECK=BOTH;
      NO_IO_CHECK=BOTH;
      ALLOW_CONNECT=TRUE;
      PINUSE='UNSPEC';
    'NC':
      PIN_NUMBER='(3)';
      NO_LOAD_CHECK=BOTH;
      NO_IO_CHECK=BOTH;
      ALLOW_CONNECT=TRUE;
      PINUSE='NC';
  END_PIN;
  BODY
    PART_NAME='SF12011F_0102_20R_M_050';
    PHYS_DES_PREFIX='S';
    NO_LOAD_CHECK='TRUE';
    PIN_COUNT='3';
    BODY_NAME='SF12011F_0102_20R_M_050';
    JEDEC_TYPE='SF12011F010220RM050';
  END_BODY;
END_PRIMITIVE;
END.
